C:\Program Files (x86)\MSBuild\Microsoft.Cpp\v4.0\V140\Microsoft.CppBuild.targets(392,5): warning MSB8028: The intermediate directory (Debug\) contains files shared from another project (GlewAgoraVai.vcxproj).  This can lead to incorrect clean and rebuild behavior.
  Source.cpp
c:\users\samuel\documents\visual studio 2015\projects\glewagoravai\glewagoravai\group.h(59): warning C4018: '<': signed/unsigned mismatch
c:\users\samuel\documents\visual studio 2015\projects\glewagoravai\glewagoravai\vertex.h(23): warning C4156: deletion of an array expression without using the array form of 'delete'; array form substituted
c:\users\samuel\documents\visual studio 2015\projects\glewagoravai\glewagoravai\vertex.h(23): warning C4154: deletion of an array expression; conversion to pointer supplied
c:\users\samuel\documents\visual studio 2015\projects\glewagoravai\glewagoravai\mesh.h(44): warning C4018: '<': signed/unsigned mismatch
c:\users\samuel\documents\visual studio 2015\projects\glewagoravai\glewagoravai\mesh.h(46): warning C4018: '<': signed/unsigned mismatch
c:\users\samuel\documents\visual studio 2015\projects\glewagoravai\glewagoravai\mesh.h(57): warning C4018: '<': signed/unsigned mismatch
c:\users\samuel\documents\visual studio 2015\projects\glewagoravai\glewagoravai\mesh.h(59): warning C4018: '<': signed/unsigned mismatch
c:\users\samuel\documents\visual studio 2015\projects\glewagoravai\glewagoravai\mesh.h(63): warning C4018: '<': signed/unsigned mismatch
c:\users\samuel\documents\visual studio 2015\projects\glewagoravai\glewagoravai\mesh.h(101): warning C4018: '<': signed/unsigned mismatch
c:\users\samuel\documents\visual studio 2015\projects\glewagoravai\glewagoravai\mtlreader.h(6): warning C4067: unexpected tokens following preprocessor directive - expected a newline
c:\users\samuel\documents\visual studio 2015\projects\glewagoravai\glewagoravai\mtlreader.h(48): warning C4244: 'initializing': conversion from 'double' to 'float', possible loss of data
c:\users\samuel\documents\visual studio 2015\projects\glewagoravai\glewagoravai\mtlreader.h(50): warning C4244: 'initializing': conversion from 'double' to 'float', possible loss of data
c:\users\samuel\documents\visual studio 2015\projects\glewagoravai\glewagoravai\mtlreader.h(52): warning C4244: 'initializing': conversion from 'double' to 'float', possible loss of data
c:\users\samuel\documents\visual studio 2015\projects\glewagoravai\glewagoravai\mtlreader.h(60): warning C4244: 'initializing': conversion from 'double' to 'float', possible loss of data
c:\users\samuel\documents\visual studio 2015\projects\glewagoravai\glewagoravai\mtlreader.h(62): warning C4244: 'initializing': conversion from 'double' to 'float', possible loss of data
c:\users\samuel\documents\visual studio 2015\projects\glewagoravai\glewagoravai\mtlreader.h(64): warning C4244: 'initializing': conversion from 'double' to 'float', possible loss of data
c:\users\samuel\documents\visual studio 2015\projects\glewagoravai\glewagoravai\mtlreader.h(72): warning C4244: 'initializing': conversion from 'double' to 'float', possible loss of data
c:\users\samuel\documents\visual studio 2015\projects\glewagoravai\glewagoravai\mtlreader.h(74): warning C4244: 'initializing': conversion from 'double' to 'float', possible loss of data
c:\users\samuel\documents\visual studio 2015\projects\glewagoravai\glewagoravai\mtlreader.h(76): warning C4244: 'initializing': conversion from 'double' to 'float', possible loss of data
c:\users\samuel\documents\visual studio 2015\projects\glewagoravai\glewagoravai\mtlreader.h(84): warning C4244: 'initializing': conversion from 'double' to 'float', possible loss of data
c:\users\samuel\documents\visual studio 2015\projects\glewagoravai\glewagoravai\objreader.h(54): warning C4244: 'initializing': conversion from 'double' to 'float', possible loss of data
c:\users\samuel\documents\visual studio 2015\projects\glewagoravai\glewagoravai\objreader.h(64): warning C4244: 'initializing': conversion from 'double' to 'float', possible loss of data
c:\users\samuel\documents\visual studio 2015\projects\glewagoravai\glewagoravai\objreader.h(74): warning C4244: 'initializing': conversion from 'double' to 'float', possible loss of data
c:\users\samuel\documents\visual studio 2015\projects\glewagoravai\glewagoravai\objreader.h(76): warning C4244: 'initializing': conversion from 'double' to 'float', possible loss of data
c:\users\samuel\documents\visual studio 2015\projects\glewagoravai\glewagoravai\objreader.h(87): warning C4018: '<': signed/unsigned mismatch
c:\users\samuel\documents\visual studio 2015\projects\glewagoravai\glewagoravai\objreader.h(156): warning C4244: '=': conversion from 'double' to 'float', possible loss of data
c:\users\samuel\documents\visual studio 2015\projects\glewagoravai\glewagoravai\objreader.h(159): warning C4244: '=': conversion from 'double' to 'float', possible loss of data
c:\users\samuel\documents\visual studio 2015\projects\glewagoravai\glewagoravai\objreader.h(162): warning C4244: '=': conversion from 'double' to 'float', possible loss of data
c:\users\samuel\documents\visual studio 2015\projects\glewagoravai\glewagoravai\objreader.h(165): warning C4244: '=': conversion from 'double' to 'float', possible loss of data
c:\users\samuel\documents\visual studio 2015\projects\glewagoravai\glewagoravai\objreader.h(168): warning C4244: '=': conversion from 'double' to 'float', possible loss of data
c:\users\samuel\documents\visual studio 2015\projects\glewagoravai\glewagoravai\objreader.h(181): warning C4018: '<': signed/unsigned mismatch
c:\users\samuel\documents\visual studio 2015\projects\glewagoravai\glewagoravai\source.cpp(133): warning C4018: '<': signed/unsigned mismatch
c:\users\samuel\documents\visual studio 2015\projects\glewagoravai\glewagoravai\source.cpp(144): warning C4018: '<': signed/unsigned mismatch
c:\users\samuel\documents\visual studio 2015\projects\glewagoravai\glewagoravai\source.cpp(163): warning C4018: '<': signed/unsigned mismatch
c:\users\samuel\documents\visual studio 2015\projects\glewagoravai\glewagoravai\source.cpp(179): warning C4018: '<': signed/unsigned mismatch
c:\users\samuel\documents\visual studio 2015\projects\glewagoravai\glewagoravai\source.cpp(182): warning C4018: '<': signed/unsigned mismatch
c:\users\samuel\documents\visual studio 2015\projects\glewagoravai\glewagoravai\source.cpp(199): warning C4018: '<': signed/unsigned mismatch
c:\users\samuel\documents\visual studio 2015\projects\glewagoravai\glewagoravai\source.cpp(201): warning C4018: '<': signed/unsigned mismatch
c:\users\samuel\documents\visual studio 2015\projects\glewagoravai\glewagoravai\source.cpp(240): warning C4018: '<': signed/unsigned mismatch
c:\users\samuel\documents\visual studio 2015\projects\glewagoravai\glewagoravai\source.cpp(278): warning C4018: '<': signed/unsigned mismatch
c:\users\samuel\documents\visual studio 2015\projects\glewagoravai\glewagoravai\source.cpp(290): warning C4018: '<': signed/unsigned mismatch
c:\users\samuel\documents\visual studio 2015\projects\glewagoravai\glewagoravai\source.cpp(354): warning C4018: '<': signed/unsigned mismatch
c:\users\samuel\documents\visual studio 2015\projects\glewagoravai\glewagoravai\source.cpp(443): warning C4018: '<': signed/unsigned mismatch
c:\users\samuel\documents\visual studio 2015\projects\glewagoravai\glewagoravai\source.cpp(511): warning C4305: 'initializing': truncation from 'double' to 'float'
c:\users\samuel\documents\visual studio 2015\projects\glewagoravai\glewagoravai\source.cpp(578): warning C4244: '-=': conversion from 'double' to 'float', possible loss of data
c:\users\samuel\documents\visual studio 2015\projects\glewagoravai\glewagoravai\source.cpp(582): warning C4244: '+=': conversion from 'double' to 'float', possible loss of data
c:\users\samuel\documents\visual studio 2015\projects\glewagoravai\glewagoravai\source.cpp(586): warning C4244: '+=': conversion from 'double' to 'float', possible loss of data
c:\users\samuel\documents\visual studio 2015\projects\glewagoravai\glewagoravai\source.cpp(590): warning C4244: '-=': conversion from 'double' to 'float', possible loss of data
c:\users\samuel\documents\visual studio 2015\projects\glewagoravai\glewagoravai\source.cpp(594): warning C4244: '-=': conversion from 'double' to 'float', possible loss of data
c:\users\samuel\documents\visual studio 2015\projects\glewagoravai\glewagoravai\source.cpp(599): warning C4244: '+=': conversion from 'double' to 'float', possible loss of data
c:\users\samuel\documents\visual studio 2015\projects\glewagoravai\glewagoravai\source.cpp(603): warning C4244: '+=': conversion from 'double' to 'float', possible loss of data
c:\users\samuel\documents\visual studio 2015\projects\glewagoravai\glewagoravai\source.cpp(607): warning C4244: '-=': conversion from 'double' to 'float', possible loss of data
c:\users\samuel\documents\visual studio 2015\projects\glewagoravai\glewagoravai\source.cpp(611): warning C4244: '+=': conversion from 'double' to 'float', possible loss of data
c:\users\samuel\documents\visual studio 2015\projects\glewagoravai\glewagoravai\source.cpp(615): warning C4244: '-=': conversion from 'double' to 'float', possible loss of data
c:\users\samuel\documents\visual studio 2015\projects\glewagoravai\glewagoravai\source.cpp(640): warning C4244: 'initializing': conversion from 'double' to 'int', possible loss of data
c:\users\samuel\documents\visual studio 2015\projects\glewagoravai\glewagoravai\source.cpp(641): warning C4244: 'initializing': conversion from 'double' to 'int', possible loss of data
c:\users\samuel\documents\visual studio 2015\projects\glewagoravai\glewagoravai\source.cpp(643): warning C4018: '<': signed/unsigned mismatch
c:\users\samuel\documents\visual studio 2015\projects\glewagoravai\glewagoravai\source.cpp(653): warning C4244: '=': conversion from 'int' to 'float', possible loss of data
c:\users\samuel\documents\visual studio 2015\projects\glewagoravai\glewagoravai\source.cpp(654): warning C4244: '=': conversion from 'int' to 'float', possible loss of data
  maths_funcs.cpp
c:\users\samuel\documents\visual studio 2015\projects\glewagoravai\glewagoravai\maths_funcs.cpp(144): warning C4244: 'return': conversion from 'double' to 'float', possible loss of data
c:\users\samuel\documents\visual studio 2015\projects\glewagoravai\glewagoravai\maths_funcs.cpp(263): warning C4244: 'return': conversion from 'double' to 'float', possible loss of data
c:\users\samuel\documents\visual studio 2015\projects\glewagoravai\glewagoravai\maths_funcs.cpp(267): warning C4244: 'initializing': conversion from 'double' to 'float', possible loss of data
c:\users\samuel\documents\visual studio 2015\projects\glewagoravai\glewagoravai\maths_funcs.cpp(510): warning C4244: 'initializing': conversion from 'double' to 'float', possible loss of data
c:\users\samuel\documents\visual studio 2015\projects\glewagoravai\glewagoravai\maths_funcs.cpp(512): warning C4244: '=': conversion from 'double' to 'float', possible loss of data
c:\users\samuel\documents\visual studio 2015\projects\glewagoravai\glewagoravai\maths_funcs.cpp(513): warning C4244: '=': conversion from 'double' to 'float', possible loss of data
c:\users\samuel\documents\visual studio 2015\projects\glewagoravai\glewagoravai\maths_funcs.cpp(514): warning C4244: '=': conversion from 'double' to 'float', possible loss of data
c:\users\samuel\documents\visual studio 2015\projects\glewagoravai\glewagoravai\maths_funcs.cpp(515): warning C4244: '=': conversion from 'double' to 'float', possible loss of data
c:\users\samuel\documents\visual studio 2015\projects\glewagoravai\glewagoravai\maths_funcs.cpp(522): warning C4244: 'initializing': conversion from 'double' to 'float', possible loss of data
c:\users\samuel\documents\visual studio 2015\projects\glewagoravai\glewagoravai\maths_funcs.cpp(524): warning C4244: '=': conversion from 'double' to 'float', possible loss of data
c:\users\samuel\documents\visual studio 2015\projects\glewagoravai\glewagoravai\maths_funcs.cpp(525): warning C4244: '=': conversion from 'double' to 'float', possible loss of data
c:\users\samuel\documents\visual studio 2015\projects\glewagoravai\glewagoravai\maths_funcs.cpp(526): warning C4244: '=': conversion from 'double' to 'float', possible loss of data
c:\users\samuel\documents\visual studio 2015\projects\glewagoravai\glewagoravai\maths_funcs.cpp(527): warning C4244: '=': conversion from 'double' to 'float', possible loss of data
c:\users\samuel\documents\visual studio 2015\projects\glewagoravai\glewagoravai\maths_funcs.cpp(534): warning C4244: 'initializing': conversion from 'double' to 'float', possible loss of data
c:\users\samuel\documents\visual studio 2015\projects\glewagoravai\glewagoravai\maths_funcs.cpp(536): warning C4244: '=': conversion from 'double' to 'float', possible loss of data
c:\users\samuel\documents\visual studio 2015\projects\glewagoravai\glewagoravai\maths_funcs.cpp(537): warning C4244: '=': conversion from 'double' to 'float', possible loss of data
c:\users\samuel\documents\visual studio 2015\projects\glewagoravai\glewagoravai\maths_funcs.cpp(538): warning C4244: '=': conversion from 'double' to 'float', possible loss of data
c:\users\samuel\documents\visual studio 2015\projects\glewagoravai\glewagoravai\maths_funcs.cpp(539): warning C4244: '=': conversion from 'double' to 'float', possible loss of data
c:\users\samuel\documents\visual studio 2015\projects\glewagoravai\glewagoravai\maths_funcs.cpp(582): warning C4244: 'initializing': conversion from 'double' to 'float', possible loss of data
c:\users\samuel\documents\visual studio 2015\projects\glewagoravai\glewagoravai\maths_funcs.cpp(583): warning C4244: 'initializing': conversion from 'double' to 'float', possible loss of data
c:\users\samuel\documents\visual studio 2015\projects\glewagoravai\glewagoravai\maths_funcs.cpp(648): warning C4244: '=': conversion from 'double' to 'float', possible loss of data
c:\users\samuel\documents\visual studio 2015\projects\glewagoravai\glewagoravai\maths_funcs.cpp(649): warning C4244: '=': conversion from 'double' to 'float', possible loss of data
c:\users\samuel\documents\visual studio 2015\projects\glewagoravai\glewagoravai\maths_funcs.cpp(650): warning C4244: '=': conversion from 'double' to 'float', possible loss of data
c:\users\samuel\documents\visual studio 2015\projects\glewagoravai\glewagoravai\maths_funcs.cpp(651): warning C4244: '=': conversion from 'double' to 'float', possible loss of data
c:\users\samuel\documents\visual studio 2015\projects\glewagoravai\glewagoravai\maths_funcs.cpp(656): warning C4244: 'argument': conversion from 'double' to 'float', possible loss of data
c:\users\samuel\documents\visual studio 2015\projects\glewagoravai\glewagoravai\maths_funcs.cpp(696): warning C4244: 'initializing': conversion from 'double' to 'float', possible loss of data
c:\users\samuel\documents\visual studio 2015\projects\glewagoravai\glewagoravai\maths_funcs.cpp(722): warning C4244: 'initializing': conversion from 'double' to 'float', possible loss of data
c:\users\samuel\documents\visual studio 2015\projects\glewagoravai\glewagoravai\maths_funcs.cpp(732): warning C4244: 'initializing': conversion from 'double' to 'float', possible loss of data
c:\users\samuel\documents\visual studio 2015\projects\glewagoravai\glewagoravai\maths_funcs.cpp(733): warning C4244: 'initializing': conversion from 'double' to 'float', possible loss of data
c:\users\samuel\documents\visual studio 2015\projects\glewagoravai\glewagoravai\maths_funcs.cpp(734): warning C4244: 'initializing': conversion from 'double' to 'float', possible loss of data
  Generating Code...
Source.obj : error LNK2019: unresolved external symbol __imp__glewInit@0 referenced in function "void __cdecl init(struct GLFWwindow *)" (?init@@YAXPAUGLFWwindow@@@Z)
Source.obj : error LNK2019: unresolved external symbol _glfwInit referenced in function _main
Source.obj : error LNK2019: unresolved external symbol _glfwTerminate referenced in function _main
Source.obj : error LNK2019: unresolved external symbol _glfwCreateWindow referenced in function _main
Source.obj : error LNK2019: unresolved external symbol _glfwWindowShouldClose referenced in function _main
Source.obj : error LNK2019: unresolved external symbol _glfwSetWindowShouldClose referenced in function _main
Source.obj : error LNK2019: unresolved external symbol _glfwSetFramebufferSizeCallback referenced in function "void __cdecl init(struct GLFWwindow *)" (?init@@YAXPAUGLFWwindow@@@Z)
Source.obj : error LNK2019: unresolved external symbol _glfwPollEvents referenced in function "void __cdecl drawObject(int)" (?drawObject@@YAXH@Z)
Source.obj : error LNK2019: unresolved external symbol _glfwGetKey referenced in function _main
Source.obj : error LNK2019: unresolved external symbol _glfwGetMouseButton referenced in function _main
Source.obj : error LNK2019: unresolved external symbol _glfwGetCursorPos referenced in function _main
Source.obj : error LNK2019: unresolved external symbol _glfwSetKeyCallback referenced in function "void __cdecl init(struct GLFWwindow *)" (?init@@YAXPAUGLFWwindow@@@Z)
Source.obj : error LNK2019: unresolved external symbol _glfwGetTime referenced in function _main
Source.obj : error LNK2019: unresolved external symbol _glfwMakeContextCurrent referenced in function "void __cdecl init(struct GLFWwindow *)" (?init@@YAXPAUGLFWwindow@@@Z)
Source.obj : error LNK2019: unresolved external symbol _glfwSwapBuffers referenced in function _main
Source.obj : error LNK2001: unresolved external symbol __imp____glewBindBuffer
Source.obj : error LNK2001: unresolved external symbol __imp____glewBufferData
Source.obj : error LNK2001: unresolved external symbol __imp____glewGenBuffers
Source.obj : error LNK2001: unresolved external symbol __imp____glewAttachShader
Source.obj : error LNK2001: unresolved external symbol __imp____glewCompileShader
Source.obj : error LNK2001: unresolved external symbol __imp____glewCreateProgram
Source.obj : error LNK2001: unresolved external symbol __imp____glewCreateShader
Source.obj : error LNK2001: unresolved external symbol __imp____glewEnableVertexAttribArray
Source.obj : error LNK2001: unresolved external symbol __imp____glewGetProgramiv
Source.obj : error LNK2001: unresolved external symbol __imp____glewGetShaderiv
Source.obj : error LNK2001: unresolved external symbol __imp____glewGetUniformLocation
Source.obj : error LNK2001: unresolved external symbol __imp____glewLinkProgram
Source.obj : error LNK2001: unresolved external symbol __imp____glewShaderSource
Source.obj : error LNK2001: unresolved external symbol __imp____glewUniform1i
Source.obj : error LNK2001: unresolved external symbol __imp____glewUniformMatrix4fv
Source.obj : error LNK2001: unresolved external symbol __imp____glewUseProgram
Source.obj : error LNK2001: unresolved external symbol __imp____glewVertexAttribPointer
Source.obj : error LNK2001: unresolved external symbol __imp____glewBindVertexArray
Source.obj : error LNK2001: unresolved external symbol __imp____glewGenVertexArrays
Source.obj : error LNK2001: unresolved external symbol __imp__glewExperimental
C:\Program Files (x86)\Microsoft Visual Studio 14.0\VC\lib\glew32.lib : warning LNK4272: library machine type 'x64' conflicts with target machine type 'X86'
C:\Program Files (x86)\Microsoft Visual Studio 14.0\VC\lib\glfw3.lib : warning LNK4272: library machine type 'x64' conflicts with target machine type 'X86'
C:\Program Files (x86)\Microsoft Visual Studio 14.0\VC\lib\glfw3dll.lib : warning LNK4272: library machine type 'x64' conflicts with target machine type 'X86'
C:\Program Files (x86)\Microsoft Visual Studio 14.0\VC\lib\glew32s.lib : warning LNK4272: library machine type 'x64' conflicts with target machine type 'X86'
C:\Users\Samuel\Documents\Visual Studio 2015\Projects\GlewAgoraVai\Debug\ShaderProgramming.exe : fatal error LNK1120: 35 unresolved externals
